<?xml version="1.0" encoding="UTF-8"?>
<testng-results ignored="0" total="1" passed="1" failed="0" skipped="0">
  <reporter-output>
  </reporter-output>
  <suite started-at="2024-04-21T07:38:23Z" name="Surefire suite" finished-at="2024-04-21T07:38:23Z" duration-ms="40">
    <groups>
    </groups>
    <test started-at="2024-04-21T07:38:23Z" name="Surefire test" finished-at="2024-04-21T07:38:23Z" duration-ms="40">
      <class name="testngPackage.TestngClass">
        <test-method signature="testRun()[pri:0, instance:testngPackage.TestngClass@de3a06f]" started-at="2024-04-21T13:08:23Z" name="testRun" finished-at="2024-04-21T13:08:23Z" duration-ms="12" status="PASS">
          <reporter-output>
          </reporter-output>
        </test-method> <!-- testRun -->
      </class> <!-- testngPackage.TestngClass -->
    </test> <!-- Surefire test -->
  </suite> <!-- Surefire suite -->
</testng-results>
