<?xml version="1.0" encoding="UTF-8"?>
<!-- Generated by org.testng.reporters.JUnitXMLReporter -->
<testsuite ignored="0" hostname="DESKTOP-V82BEDM" failures="0" tests="4" name="Default test" time="23.56" errors="0" timestamp="2024-05-03T08:03:36 IST">
  <testcase classname="loginTestCases.Login" name="loginWithBothCorrect" time="14.852"/>
  <testcase classname="loginTestCases.Login" name="loginWithBothCorrect" time="1.268"/>
  <testcase classname="loginTestCases.Login" name="loginWithBothCorrect" time="2.38"/>
  <testcase classname="loginTestCases.Login" name="loginWithBothCorrect" time="2.272"/>
</testsuite> <!-- Default test -->
