<?xml version="1.0" encoding="UTF-8"?>
<testng-results ignored="0" total="1" passed="1" failed="0" skipped="0">
  <reporter-output>
  </reporter-output>
  <suite started-at="2024-04-21T07:41:06Z" name="Default suite" finished-at="2024-04-21T07:41:06Z" duration-ms="58">
    <groups>
    </groups>
    <test started-at="2024-04-21T07:41:06Z" name="Default test" finished-at="2024-04-21T07:41:06Z" duration-ms="58">
      <class name="testngPackage.TestngClass">
        <test-method signature="testRun()[pri:0, instance:testngPackage.TestngClass@5ab956d7]" started-at="2024-04-21T13:11:06Z" name="testRun" finished-at="2024-04-21T13:11:06Z" duration-ms="20" status="PASS">
          <reporter-output>
          </reporter-output>
        </test-method> <!-- testRun -->
      </class> <!-- testngPackage.TestngClass -->
    </test> <!-- Default test -->
  </suite> <!-- Default suite -->
</testng-results>
