<?xml version="1.0" encoding="UTF-8"?>
<testng-results ignored="0" total="4" passed="4" failed="0" skipped="0">
  <reporter-output>
  </reporter-output>
  <suite started-at="2024-05-03T08:03:12 IST" name="Default suite" finished-at="2024-05-03T08:03:36 IST" duration-ms="23560">
    <groups>
    </groups>
    <test started-at="2024-05-03T08:03:12 IST" name="Default test" finished-at="2024-05-03T08:03:36 IST" duration-ms="23560">
      <class name="loginTestCases.Login">
        <test-method is-config="true" signature="beforeTest()[pri:0, instance:loginTestCases.Login@636be97c]" started-at="2024-05-03T08:03:12 IST" name="beforeTest" finished-at="2024-05-03T08:03:15 IST" duration-ms="2396" status="PASS">
          <reporter-output>
          </reporter-output>
        </test-method> <!-- beforeTest -->
        <test-method signature="loginWithBothCorrect(java.lang.String, java.lang.String)[pri:0, instance:loginTestCases.Login@636be97c]" started-at="2024-05-03T08:03:15 IST" name="loginWithBothCorrect" data-provider="loginData" finished-at="2024-05-03T08:03:30 IST" duration-ms="14852" status="PASS">
          <params>
            <param index="0">
              <value>
                <![CDATA[Admin]]>
              </value>
            </param>
            <param index="1">
              <value>
                <![CDATA[admin1]]>
              </value>
            </param>
          </params>
          <reporter-output>
          </reporter-output>
        </test-method> <!-- loginWithBothCorrect -->
        <test-method signature="loginWithBothCorrect(java.lang.String, java.lang.String)[pri:0, instance:loginTestCases.Login@636be97c]" started-at="2024-05-03T08:03:30 IST" name="loginWithBothCorrect" data-provider="loginData" finished-at="2024-05-03T08:03:31 IST" duration-ms="1268" status="PASS">
          <params>
            <param index="0">
              <value>
                <![CDATA[Admin1]]>
              </value>
            </param>
            <param index="1">
              <value>
                <![CDATA[admin123]]>
              </value>
            </param>
          </params>
          <reporter-output>
          </reporter-output>
        </test-method> <!-- loginWithBothCorrect -->
        <test-method signature="loginWithBothCorrect(java.lang.String, java.lang.String)[pri:0, instance:loginTestCases.Login@636be97c]" started-at="2024-05-03T08:03:31 IST" name="loginWithBothCorrect" data-provider="loginData" finished-at="2024-05-03T08:03:33 IST" duration-ms="2380" status="PASS">
          <params>
            <param index="0">
              <value>
                <![CDATA[Admin1]]>
              </value>
            </param>
            <param index="1">
              <value>
                <![CDATA[admin1]]>
              </value>
            </param>
          </params>
          <reporter-output>
          </reporter-output>
        </test-method> <!-- loginWithBothCorrect -->
        <test-method signature="loginWithBothCorrect(java.lang.String, java.lang.String)[pri:0, instance:loginTestCases.Login@636be97c]" started-at="2024-05-03T08:03:33 IST" name="loginWithBothCorrect" data-provider="loginData" finished-at="2024-05-03T08:03:35 IST" duration-ms="2272" status="PASS">
          <params>
            <param index="0">
              <value>
                <![CDATA[Admin]]>
              </value>
            </param>
            <param index="1">
              <value>
                <![CDATA[admin123]]>
              </value>
            </param>
          </params>
          <reporter-output>
          </reporter-output>
        </test-method> <!-- loginWithBothCorrect -->
        <test-method is-config="true" signature="afterTest()[pri:0, instance:loginTestCases.Login@636be97c]" started-at="2024-05-03T08:03:35 IST" name="afterTest" finished-at="2024-05-03T08:03:36 IST" duration-ms="201" status="PASS">
          <reporter-output>
          </reporter-output>
        </test-method> <!-- afterTest -->
      </class> <!-- loginTestCases.Login -->
    </test> <!-- Default test -->
  </suite> <!-- Default suite -->
</testng-results>
