<?xml version="1.0" encoding="UTF-8"?>
<!-- Generated by org.testng.reporters.JUnitXMLReporter -->
<testsuite ignored="0" hostname="DESKTOP-V82BEDM" failures="0" tests="4" name="Login Test Cases" time="52.319" errors="0" timestamp="2024-05-02T12:45:44 IST">
  <testcase classname="loginTestCases.BothCorrect" name="loginWithBothCorrect" time="13.987"/>
  <testcase classname="loginTestCases.CorrectPassword" name="loginWithCorrectPassword" time="10.524"/>
  <testcase classname="loginTestCases.BothInCorrect" name="loginWithBothInCorrect" time="13.096"/>
  <testcase classname="loginTestCases.CorrectUserName" name="loginWithCorrectUserName" time="14.647"/>
</testsuite> <!-- Login Test Cases -->
